Log file open, 08/23/19 21:58:27
LogWindows: Failed to load 'aqProf.dll' (GetLastError=126)
LogWindows: File 'aqProf.dll' does not exist
LogWindows: Failed to load 'VtuneApi.dll' (GetLastError=126)
LogWindows: File 'VtuneApi.dll' does not exist
LogWindows: Failed to load 'VtuneApi32e.dll' (GetLastError=126)
LogWindows: File 'VtuneApi32e.dll' does not exist
LogConsoleResponse: Display: Failed to find resolution value strings in scalability ini. Falling back to default.
LogInit: Display: Running engine for game: TechDemo
LogPakFile: Registered encryption key '00000000000000000000000000000000': 0 pak files mounted, 0 remain pending
LogPlatformFile: Not using cached read wrapper
LogTaskGraph: Started task graph with 5 named threads and 23 total threads with 3 sets of task threads.
LogStats: Stats thread started at 0.302676
LogD3D11RHI: Loaded GFSDK_Aftermath_Lib.x64.dll
LogICUInternationalization: ICU TimeZone Detection - Raw Offset: +0:00, Platform Override: ''
LogPluginManager: Mounting plugin Paper2D
LogPluginManager: Mounting plugin AISupport
LogPluginManager: Mounting plugin LightPropagationVolume
LogPluginManager: Mounting plugin ActorLayerUtilities
LogPluginManager: Mounting plugin AnimationSharing
LogPluginManager: Mounting plugin CLionSourceCodeAccess
LogPluginManager: Mounting plugin CodeLiteSourceCodeAccess
LogPluginManager: Mounting plugin GitSourceControl
LogPluginManager: Mounting plugin KDevelopSourceCodeAccess
LogPluginManager: Mounting plugin NullSourceCodeAccess
LogPluginManager: Mounting plugin PerforceSourceControl
LogPluginManager: Mounting plugin SubversionSourceControl
LogPluginManager: Mounting plugin UObjectPlugin
LogPluginManager: Mounting plugin VisualStudioCodeSourceCodeAccess
LogPluginManager: Mounting plugin VisualStudioSourceCodeAccess
LogPluginManager: Mounting plugin XCodeSourceCodeAccess
LogPluginManager: Mounting plugin AssetManagerEditor
LogPluginManager: Mounting plugin CryptoKeys
LogPluginManager: Mounting plugin DataValidation
LogPluginManager: Mounting plugin FacialAnimation
LogPluginManager: Mounting plugin GameplayTagsEditor
LogPluginManager: Mounting plugin MacGraphicsSwitching
LogPluginManager: Mounting plugin MaterialAnalyzer
LogPluginManager: Mounting plugin MobileLauncherProfileWizard
LogPluginManager: Mounting plugin PluginBrowser
LogPluginManager: Mounting plugin SpeedTreeImporter
LogPluginManager: Mounting plugin DatasmithContent
LogPluginManager: Mounting plugin VariantManagerContent
LogPluginManager: Mounting plugin AlembicImporter
LogPluginManager: Mounting plugin AppleImageUtils
LogPluginManager: Mounting plugin AppleVision
LogPluginManager: Mounting plugin BackChannel
LogPluginManager: Mounting plugin CharacterAI
LogPluginManager: Mounting plugin GeometryCache
LogPluginManager: Mounting plugin HTML5Networking
LogPluginManager: Mounting plugin ProxyLODPlugin
LogPluginManager: Mounting plugin SkeletalReduction
LogPluginManager: Mounting plugin MagicLeap
LogPluginManager: Mounting plugin MagicLeapMedia
LogPluginManager: Mounting plugin AndroidMedia
LogPluginManager: Mounting plugin AvfMedia
LogPluginManager: Mounting plugin ImgMedia
LogPluginManager: Mounting plugin LinearTimecode
LogPluginManager: Mounting plugin MediaCompositing
LogPluginManager: Mounting plugin MediaPlayerEditor
LogPluginManager: Mounting plugin WebMMedia
LogPluginManager: Mounting plugin WmfMedia
LogPluginManager: Mounting plugin TcpMessaging
LogPluginManager: Mounting plugin UdpMessaging
LogPluginManager: Mounting plugin ActorSequence
LogPluginManager: Mounting plugin LevelSequenceEditor
LogPluginManager: Mounting plugin MatineeToLevelSequence
LogPluginManager: Mounting plugin NetcodeUnitTest
LogPluginManager: Mounting plugin NUTUnrealEngine4
LogPluginManager: Mounting plugin OnlineSubsystemGooglePlay
LogPluginManager: Mounting plugin OnlineSubsystemIOS
LogPluginManager: Mounting plugin OnlineSubsystem
LogPluginManager: Mounting plugin OnlineSubsystemNull
LogPluginManager: Mounting plugin OnlineSubsystemUtils
LogPluginManager: Mounting plugin LauncherChunkInstaller
LogPluginManager: Mounting plugin AndroidDeviceProfileSelector
LogPluginManager: Mounting plugin AndroidMoviePlayer
LogPluginManager: Mounting plugin AndroidPermission
LogPluginManager: Mounting plugin AppleMoviePlayer
LogPluginManager: Mounting plugin ArchVisCharacter
LogPluginManager: Mounting plugin AudioCapture
LogPluginManager: Mounting plugin CableComponent
LogPluginManager: Mounting plugin CustomMeshComponent
LogPluginManager: Mounting plugin EditableMesh
LogPluginManager: Mounting plugin ExampleDeviceProfileSelector
LogPluginManager: Mounting plugin Firebase
LogPluginManager: Mounting plugin GoogleCloudMessaging
LogPluginManager: Mounting plugin IOSDeviceProfileSelector
LogPluginManager: Mounting plugin LinuxDeviceProfileSelector
LogPluginManager: Mounting plugin LocationServicesBPLibrary
LogPluginManager: Mounting plugin MobilePatchingUtils
LogPluginManager: Mounting plugin OculusVR
LogPluginManager: Mounting plugin PhysXVehicles
LogPluginManager: Mounting plugin ProceduralMeshComponent
LogPluginManager: Mounting plugin RuntimePhysXCooking
LogPluginManager: Mounting plugin SignificanceManager
LogPluginManager: Mounting plugin SteamVR
LogPluginManager: Mounting plugin WebMMoviePlayer
LogPluginManager: Mounting plugin WindowsMoviePlayer
LogInit: Using libcurl 7.55.1-DEV
LogInit:  - built for x86_64-pc-win32
LogInit:  - supports SSL with OpenSSL/1.1.1
LogInit:  - supports HTTP deflate (compression) using libz 1.2.8
LogInit:  - other features:
LogInit:      CURL_VERSION_SSL
LogInit:      CURL_VERSION_LIBZ
LogInit:      CURL_VERSION_IPV6
LogInit:      CURL_VERSION_ASYNCHDNS
LogInit:      CURL_VERSION_LARGEFILE
LogInit:      CURL_VERSION_IDN
LogInit:  CurlRequestOptions (configurable via config and command line):
LogInit:  - bVerifyPeer = true  - Libcurl will verify peer certificate
LogInit:  - bUseHttpProxy = false  - Libcurl will NOT use HTTP proxy
LogInit:  - bDontReuseConnections = false  - Libcurl will reuse connections
LogInit:  - MaxHostConnections = 16  - Libcurl will limit the number of connections to a host
LogInit:  - LocalHostAddr = Default
LogInit:  - BufferSize = 65536
LogInit: WinSock: version 1.1 (2.2), MaxSocks=32767, MaxUdp=65467
LogInit: Build: ++UE4+Release-4.22-CL-7053642
LogInit: Engine Version: 4.22.3-7053642+++UE4+Release-4.22
LogInit: Compatible Engine Version: 4.22.0-5660361+++UE4+Release-4.22
LogInit: Net CL: 5660361
LogInit: OS: Windows 10 (Release 1803) (), CPU: Intel(R) Core(TM) i5-8300H CPU @ 2.30GHz, GPU: NVIDIA GeForce GTX 1060
LogInit: Compiled (64-bit): Jun 18 2019 03:09:11
LogInit: Compiled with Visual C++: 19.16.27025.01
LogInit: Build Configuration: Development
LogInit: Branch Name: ++UE4+Release-4.22
LogInit: Command Line: 
LogInit: Base Directory: D:/UE4/UE_4.22/Engine/Binaries/Win64/
LogInit: Installed Engine Build: 1
LogDevObjectVersion: Number of dev versions registered: 23
LogDevObjectVersion:   Dev-Blueprints (B0D832E4-1F89-4F0D-ACCF-7EB736FD4AA2): 10
LogDevObjectVersion:   Dev-Build (E1C64328-A22C-4D53-A36C-8E866417BD8C): 0
LogDevObjectVersion:   Dev-Core (375EC13C-06E4-48FB-B500-84F0262A717E): 3
LogDevObjectVersion:   Dev-Editor (E4B068ED-F494-42E9-A231-DA0B2E46BB41): 30
LogDevObjectVersion:   Dev-Framework (CFFC743F-43B0-4480-9391-14DF171D2073): 35
LogDevObjectVersion:   Dev-Mobile (B02B49B5-BB20-44E9-A304-32B752E40360): 2
LogDevObjectVersion:   Dev-Networking (A4E4105C-59A1-49B5-A7C5-40C4547EDFEE): 0
LogDevObjectVersion:   Dev-Online (39C831C9-5AE6-47DC-9A44-9C173E1C8E7C): 0
LogDevObjectVersion:   Dev-Physics (78F01B33-EBEA-4F98-B9B4-84EACCB95AA2): 0
LogDevObjectVersion:   Dev-Platform (6631380F-2D4D-43E0-8009-CF276956A95A): 0
LogDevObjectVersion:   Dev-Rendering (12F88B9F-8875-4AFC-A67C-D90C383ABD29): 28
LogDevObjectVersion:   Dev-Sequencer (7B5AE74C-D270-4C10-A958-57980B212A5A): 11
LogDevObjectVersion:   Dev-VR (D7296918-1DD6-4BDD-9DE2-64A83CC13884): 2
LogDevObjectVersion:   Dev-LoadTimes (C2A15278-BFE7-4AFE-6C17-90FF531DF755): 1
LogDevObjectVersion:   Private-Geometry (6EACA3D4-40EC-4CC1-B786-8BED09428FC5): 3
LogDevObjectVersion:   Dev-AnimPhys (29E575DD-E0A3-4627-9D10-D276232CDCEA): 17
LogDevObjectVersion:   Dev-Anim (AF43A65D-7FD3-4947-9873-3E8ED9C1BB05): 2
LogDevObjectVersion:   Dev-ReflectionCapture (6B266CEC-1EC7-4B8F-A30B-E4D90942FC07): 1
LogDevObjectVersion:   Dev-Automation (0DF73D61-A23F-47EA-B727-89E90C41499A): 1
LogDevObjectVersion:   FortniteMain (601D1886-AC64-4F84-AA16-D3DE0DEAC7D6): 25
LogDevObjectVersion:   Dev-Enterprise (9DFFBCD6-494F-0158-E221-12823C92A888): 6
LogDevObjectVersion:   Dev-Niagara (F2AED0AC-9AFE-416F-8664-AA7FFA26D6FC): 1
LogDevObjectVersion:   Dev-Destruction (174F1F0B-B4C6-45A5-B13F-2EE8D0FB917D): 2
LogInit: Presizing for max 16777216 objects, including 0 objects not considered by GC, pre-allocating 0 bytes for permanent pool.
LogInit: Object subsystem initialized
LogConfig: Setting CVar [[con.DebugEarlyDefault:1]]
LogConfig: Setting CVar [[r.setres:1280x720]]
[2019.08.23-20.58.27:623][  0]LogConfig: Setting CVar [[r.VSync:0]]
[2019.08.23-20.58.27:623][  0]LogConfig: Setting CVar [[r.RHICmdBypass:0]]
[2019.08.23-20.58.27:624][  0]LogConfig: Applying CVar settings from Section [/Script/Engine.RendererSettings] File [D:/Documents/UE4/TechDemo/TechDemo/Saved/Config/Windows/Engine.ini]
[2019.08.23-20.58.27:624][  0]LogConfig: Setting CVar [[r.GPUCrashDebugging:0]]
[2019.08.23-20.58.27:624][  0]LogConfig: Applying CVar settings from Section [/Script/Engine.RendererOverrideSettings] File [D:/Documents/UE4/TechDemo/TechDemo/Saved/Config/Windows/Engine.ini]
[2019.08.23-20.58.27:624][  0]LogConfig: Applying CVar settings from Section [/Script/Engine.StreamingSettings] File [D:/Documents/UE4/TechDemo/TechDemo/Saved/Config/Windows/Engine.ini]
[2019.08.23-20.58.27:624][  0]LogConfig: Setting CVar [[s.MinBulkDataSizeForAsyncLoading:131072]]
[2019.08.23-20.58.27:624][  0]LogConfig: Setting CVar [[s.AsyncLoadingThreadEnabled:0]]
[2019.08.23-20.58.27:624][  0]LogConfig: Setting CVar [[s.EventDrivenLoaderEnabled:1]]
[2019.08.23-20.58.27:624][  0]LogConfig: Setting CVar [[s.WarnIfTimeLimitExceeded:0]]
[2019.08.23-20.58.27:624][  0]LogConfig: Setting CVar [[s.TimeLimitExceededMultiplier:1.5]]
[2019.08.23-20.58.27:624][  0]LogConfig: Setting CVar [[s.TimeLimitExceededMinTime:0.005]]
[2019.08.23-20.58.27:624][  0]LogConfig: Setting CVar [[s.UseBackgroundLevelStreaming:1]]
[2019.08.23-20.58.27:624][  0]LogConfig: Setting CVar [[s.PriorityAsyncLoadingExtraTime:15.0]]
[2019.08.23-20.58.27:624][  0]LogConfig: Setting CVar [[s.LevelStreamingActorsUpdateTimeLimit:5.0]]
[2019.08.23-20.58.27:624][  0]LogConfig: Setting CVar [[s.PriorityLevelStreamingActorsUpdateExtraTime:5.0]]
[2019.08.23-20.58.27:624][  0]LogConfig: Setting CVar [[s.LevelStreamingComponentsRegistrationGranularity:10]]
[2019.08.23-20.58.27:624][  0]LogConfig: Setting CVar [[s.UnregisterComponentsTimeLimit:1.0]]
[2019.08.23-20.58.27:624][  0]LogConfig: Setting CVar [[s.LevelStreamingComponentsUnregistrationGranularity:5]]
[2019.08.23-20.58.27:624][  0]LogConfig: Applying CVar settings from Section [/Script/Engine.GarbageCollectionSettings] File [D:/Documents/UE4/TechDemo/TechDemo/Saved/Config/Windows/Engine.ini]
[2019.08.23-20.58.27:624][  0]LogConfig: Setting CVar [[gc.MaxObjectsNotConsideredByGC:1]]
[2019.08.23-20.58.27:624][  0]LogConfig: Setting CVar [[gc.SizeOfPermanentObjectPool:0]]
[2019.08.23-20.58.27:624][  0]LogConfig: Setting CVar [[gc.FlushStreamingOnGC:0]]
[2019.08.23-20.58.27:624][  0]LogConfig: Setting CVar [[gc.NumRetriesBeforeForcingGC:10]]
[2019.08.23-20.58.27:624][  0]LogConfig: Setting CVar [[gc.AllowParallelGC:1]]
[2019.08.23-20.58.27:624][  0]LogConfig: Setting CVar [[gc.TimeBetweenPurgingPendingKillObjects:61.1]]
[2019.08.23-20.58.27:624][  0]LogConfig: Setting CVar [[gc.MaxObjectsInEditor:16777216]]
[2019.08.23-20.58.27:624][  0]LogConfig: Setting CVar [[gc.IncrementalBeginDestroyEnabled:1]]
[2019.08.23-20.58.27:624][  0]LogConfig: Setting CVar [[gc.CreateGCClusters:1]]
[2019.08.23-20.58.27:624][  0]LogConfig: Setting CVar [[gc.MinGCClusterSize:5]]
[2019.08.23-20.58.27:624][  0]LogConfig: Setting CVar [[gc.ActorClusteringEnabled:0]]
[2019.08.23-20.58.27:624][  0]LogConfig: Setting CVar [[gc.BlueprintClusteringEnabled:0]]
[2019.08.23-20.58.27:624][  0]LogConfig: Setting CVar [[gc.UseDisregardForGCOnDedicatedServers:0]]
[2019.08.23-20.58.27:624][  0]LogConfig: Applying CVar settings from Section [/Script/Engine.NetworkSettings] File [D:/Documents/UE4/TechDemo/TechDemo/Saved/Config/Windows/Engine.ini]
[2019.08.23-20.58.27:624][  0]LogConfig: Applying CVar settings from Section [/Script/UnrealEd.CookerSettings] File [D:/Documents/UE4/TechDemo/TechDemo/Saved/Config/Windows/Engine.ini]
[2019.08.23-20.58.27:630][  0]LogConfig: Applying CVar settings from Section [ViewDistanceQuality@3] File [D:/Documents/UE4/TechDemo/TechDemo/Saved/Config/Windows/Scalability.ini]
[2019.08.23-20.58.27:630][  0]LogConfig: Setting CVar [[r.SkeletalMeshLODBias:0]]
[2019.08.23-20.58.27:630][  0]LogConfig: Setting CVar [[r.ViewDistanceScale:1.0]]
[2019.08.23-20.58.27:630][  0]LogConfig: Applying CVar settings from Section [AntiAliasingQuality@3] File [D:/Documents/UE4/TechDemo/TechDemo/Saved/Config/Windows/Scalability.ini]
[2019.08.23-20.58.27:631][  0]LogConfig: Setting CVar [[r.PostProcessAAQuality:4]]
[2019.08.23-20.58.27:631][  0]LogConfig: Applying CVar settings from Section [ShadowQuality@3] File [D:/Documents/UE4/TechDemo/TechDemo/Saved/Config/Windows/Scalability.ini]
[2019.08.23-20.58.27:631][  0]LogConfig: Setting CVar [[r.LightFunctionQuality:1]]
[2019.08.23-20.58.27:631][  0]LogConfig: Setting CVar [[r.ShadowQuality:5]]
[2019.08.23-20.58.27:631][  0]LogConfig: Setting CVar [[r.Shadow.CSM.MaxCascades:10]]
[2019.08.23-20.58.27:631][  0]LogConfig: Setting CVar [[r.Shadow.MaxResolution:2048]]
[2019.08.23-20.58.27:631][  0]LogConfig: Setting CVar [[r.Shadow.MaxCSMResolution:2048]]
[2019.08.23-20.58.27:631][  0]LogConfig: Setting CVar [[r.Shadow.RadiusThreshold:0.01]]
[2019.08.23-20.58.27:631][  0]LogConfig: Setting CVar [[r.Shadow.DistanceScale:1.0]]
[2019.08.23-20.58.27:631][  0]LogConfig: Setting CVar [[r.Shadow.CSM.TransitionScale:1.0]]
[2019.08.23-20.58.27:631][  0]LogConfig: Setting CVar [[r.Shadow.PreShadowResolutionFactor:1.0]]
[2019.08.23-20.58.27:631][  0]LogConfig: Setting CVar [[r.DistanceFieldShadowing:1]]
[2019.08.23-20.58.27:631][  0]LogConfig: Setting CVar [[r.DistanceFieldAO:1]]
[2019.08.23-20.58.27:631][  0]LogConfig: Setting CVar [[r.AOQuality:2]]
[2019.08.23-20.58.27:631][  0]LogConfig: Setting CVar [[r.VolumetricFog:1]]
[2019.08.23-20.58.27:631][  0]LogConfig: Setting CVar [[r.VolumetricFog.GridPixelSize:8]]
[2019.08.23-20.58.27:631][  0]LogConfig: Setting CVar [[r.VolumetricFog.GridSizeZ:128]]
[2019.08.23-20.58.27:631][  0]LogConfig: Setting CVar [[r.VolumetricFog.HistoryMissSupersampleCount:4]]
[2019.08.23-20.58.27:631][  0]LogConfig: Setting CVar [[r.LightMaxDrawDistanceScale:1]]
[2019.08.23-20.58.27:631][  0]LogConfig: Setting CVar [[r.CapsuleShadows:1]]
[2019.08.23-20.58.27:631][  0]LogConfig: Applying CVar settings from Section [PostProcessQuality@3] File [D:/Documents/UE4/TechDemo/TechDemo/Saved/Config/Windows/Scalability.ini]
[2019.08.23-20.58.27:631][  0]LogConfig: Setting CVar [[r.MotionBlurQuality:4]]
[2019.08.23-20.58.27:631][  0]LogConfig: Setting CVar [[r.AmbientOcclusionMipLevelFactor:0.4]]
[2019.08.23-20.58.27:631][  0]LogConfig: Setting CVar [[r.AmbientOcclusionMaxQuality:100]]
[2019.08.23-20.58.27:631][  0]LogConfig: Setting CVar [[r.AmbientOcclusionLevels:-1]]
[2019.08.23-20.58.27:631][  0]LogConfig: Setting CVar [[r.AmbientOcclusionRadiusScale:1.0]]
[2019.08.23-20.58.27:631][  0]LogConfig: Setting CVar [[r.DepthOfFieldQuality:2]]
[2019.08.23-20.58.27:631][  0]LogConfig: Setting CVar [[r.RenderTargetPoolMin:400]]
[2019.08.23-20.58.27:631][  0]LogConfig: Setting CVar [[r.LensFlareQuality:2]]
[2019.08.23-20.58.27:631][  0]LogConfig: Setting CVar [[r.SceneColorFringeQuality:1]]
[2019.08.23-20.58.27:631][  0]LogConfig: Setting CVar [[r.EyeAdaptationQuality:2]]
[2019.08.23-20.58.27:631][  0]LogConfig: Setting CVar [[r.BloomQuality:5]]
[2019.08.23-20.58.27:631][  0]LogConfig: Setting CVar [[r.FastBlurThreshold:100]]
[2019.08.23-20.58.27:631][  0]LogConfig: Setting CVar [[r.Upscale.Quality:3]]
[2019.08.23-20.58.27:631][  0]LogConfig: Setting CVar [[r.Tonemapper.GrainQuantization:1]]
[2019.08.23-20.58.27:631][  0]LogConfig: Setting CVar [[r.LightShaftQuality:1]]
[2019.08.23-20.58.27:631][  0]LogConfig: Setting CVar [[r.Filter.SizeScale:1]]
[2019.08.23-20.58.27:632][  0]LogConfig: Setting CVar [[r.Tonemapper.Quality:5]]
[2019.08.23-20.58.27:632][  0]LogConfig: Setting CVar [[r.DOF.Gather.AccumulatorQuality:1        ; higher gathering accumulator quality]]
[2019.08.23-20.58.27:632][  0]LogConfig: Setting CVar [[r.DOF.Gather.PostfilterMethod:1          ; Median3x3 postfilering method]]
[2019.08.23-20.58.27:632][  0]LogConfig: Setting CVar [[r.DOF.Gather.EnableBokehSettings:0       ; no bokeh simulation when gathering]]
[2019.08.23-20.58.27:632][  0]LogConfig: Setting CVar [[r.DOF.Gather.RingCount:4                 ; medium number of samples when gathering]]
[2019.08.23-20.58.27:632][  0]LogConfig: Setting CVar [[r.DOF.Scatter.ForegroundCompositing:1    ; additive foreground scattering]]
[2019.08.23-20.58.27:632][  0]LogConfig: Setting CVar [[r.DOF.Scatter.BackgroundCompositing:2    ; additive background scattering]]
[2019.08.23-20.58.27:632][  0]LogConfig: Setting CVar [[r.DOF.Scatter.EnableBokehSettings:1      ; bokeh simulation when scattering]]
[2019.08.23-20.58.27:632][  0]LogConfig: Setting CVar [[r.DOF.Scatter.MaxSpriteRatio:0.1         ; only a maximum of 10% of scattered bokeh]]
[2019.08.23-20.58.27:632][  0]LogConfig: Setting CVar [[r.DOF.Recombine.Quality:1                ; cheap slight out of focus]]
[2019.08.23-20.58.27:632][  0]LogConfig: Setting CVar [[r.DOF.Recombine.EnableBokehSettings:0    ; no bokeh simulation on slight out of focus]]
[2019.08.23-20.58.27:632][  0]LogConfig: Setting CVar [[r.DOF.TemporalAAQuality:1                ; more stable temporal accumulation]]
[2019.08.23-20.58.27:632][  0]LogConfig: Setting CVar [[r.DOF.Kernel.MaxForegroundRadius:0.025]]
[2019.08.23-20.58.27:632][  0]LogConfig: Setting CVar [[r.DOF.Kernel.MaxBackgroundRadius:0.025]]
[2019.08.23-20.58.27:632][  0]LogConfig: Applying CVar settings from Section [TextureQuality@3] File [D:/Documents/UE4/TechDemo/TechDemo/Saved/Config/Windows/Scalability.ini]
[2019.08.23-20.58.27:632][  0]LogConfig: Setting CVar [[r.Streaming.MipBias:0]]
[2019.08.23-20.58.27:632][  0]LogConfig: Setting CVar [[r.Streaming.AmortizeCPUToGPUCopy:0]]
[2019.08.23-20.58.27:632][  0]LogConfig: Setting CVar [[r.Streaming.MaxNumTexturesToStreamPerFrame:0]]
[2019.08.23-20.58.27:632][  0]LogConfig: Setting CVar [[r.Streaming.Boost:1]]
[2019.08.23-20.58.27:632][  0]LogConfig: Setting CVar [[r.MaxAnisotropy:8]]
[2019.08.23-20.58.27:632][  0]LogConfig: Setting CVar [[r.Streaming.LimitPoolSizeToVRAM:0]]
[2019.08.23-20.58.27:632][  0]LogConfig: Setting CVar [[r.Streaming.PoolSize:1000]]
[2019.08.23-20.58.27:632][  0]LogConfig: Setting CVar [[r.Streaming.MaxEffectiveScreenSize:0]]
[2019.08.23-20.58.27:632][  0]LogConfig: Applying CVar settings from Section [EffectsQuality@3] File [D:/Documents/UE4/TechDemo/TechDemo/Saved/Config/Windows/Scalability.ini]
[2019.08.23-20.58.27:632][  0]LogConfig: Setting CVar [[r.TranslucencyLightingVolumeDim:64]]
[2019.08.23-20.58.27:633][  0]LogConfig: Setting CVar [[r.RefractionQuality:2]]
[2019.08.23-20.58.27:633][  0]LogConfig: Setting CVar [[r.SSR.Quality:3]]
[2019.08.23-20.58.27:633][  0]LogConfig: Setting CVar [[r.SceneColorFormat:4]]
[2019.08.23-20.58.27:633][  0]LogConfig: Setting CVar [[r.DetailMode:2]]
[2019.08.23-20.58.27:633][  0]LogConfig: Setting CVar [[r.TranslucencyVolumeBlur:1]]
[2019.08.23-20.58.27:633][  0]LogConfig: Setting CVar [[r.MaterialQualityLevel:1 ; High quality]]
[2019.08.23-20.58.27:633][  0]LogConfig: Setting CVar [[r.SSS.Scale:1]]
[2019.08.23-20.58.27:633][  0]LogConfig: Setting CVar [[r.SSS.SampleSet:2]]
[2019.08.23-20.58.27:633][  0]LogConfig: Setting CVar [[r.SSS.Quality:1]]
[2019.08.23-20.58.27:633][  0]LogConfig: Setting CVar [[r.SSS.HalfRes:1]]
[2019.08.23-20.58.27:633][  0]LogConfig: Setting CVar [[r.EmitterSpawnRateScale:1.0]]
[2019.08.23-20.58.27:633][  0]LogConfig: Setting CVar [[r.ParticleLightQuality:2]]
[2019.08.23-20.58.27:633][  0]LogConfig: Applying CVar settings from Section [FoliageQuality@3] File [D:/Documents/UE4/TechDemo/TechDemo/Saved/Config/Windows/Scalability.ini]
[2019.08.23-20.58.27:633][  0]LogConfig: Setting CVar [[foliage.DensityScale:1.0]]
[2019.08.23-20.58.27:633][  0]LogConfig: Setting CVar [[grass.DensityScale:1.0]]
[2019.08.23-20.58.27:633][  0]LogInit: Selected Device Profile: [Windows]
[2019.08.23-20.58.27:633][  0]LogInit: Applying CVar settings loaded from the selected device profile: [Windows]
[2019.08.23-20.58.27:648][  0]LogHAL: Display: Platform has ~ 8 GB [8506179584 / 8589934592 / 8], which maps to Default [LargestMinGB=32, LargerMinGB=12, DefaultMinGB=8, SmallerMinGB=6, SmallestMinGB=0)
[2019.08.23-20.58.27:648][  0]LogConfig: Setting CVar [[r.Vulkan.UseRealUBs:0		; Required until we fix HLR fall-out]]
[2019.08.23-20.58.27:648][  0]LogInit: Going up to parent DeviceProfile []
[2019.08.23-20.58.27:648][  0]LogConfig: Applying CVar settings from Section [ViewDistanceQuality@3] File [D:/Documents/UE4/TechDemo/TechDemo/Saved/Config/Windows/Scalability.ini]
[2019.08.23-20.58.27:648][  0]LogConfig: Setting CVar [[r.SkeletalMeshLODBias:0]]
[2019.08.23-20.58.27:648][  0]LogConfig: Setting CVar [[r.ViewDistanceScale:1.0]]
[2019.08.23-20.58.27:648][  0]LogConfig: Applying CVar settings from Section [AntiAliasingQuality@3] File [D:/Documents/UE4/TechDemo/TechDemo/Saved/Config/Windows/Scalability.ini]
[2019.08.23-20.58.27:648][  0]LogConfig: Setting CVar [[r.PostProcessAAQuality:4]]
[2019.08.23-20.58.27:648][  0]LogConfig: Applying CVar settings from Section [ShadowQuality@3] File [D:/Documents/UE4/TechDemo/TechDemo/Saved/Config/Windows/Scalability.ini]
[2019.08.23-20.58.27:648][  0]LogConfig: Setting CVar [[r.LightFunctionQuality:1]]
[2019.08.23-20.58.27:648][  0]LogConfig: Setting CVar [[r.ShadowQuality:5]]
[2019.08.23-20.58.27:648][  0]LogConfig: Setting CVar [[r.Shadow.CSM.MaxCascades:10]]
[2019.08.23-20.58.27:648][  0]LogConfig: Setting CVar [[r.Shadow.MaxResolution:2048]]
[2019.08.23-20.58.27:648][  0]LogConfig: Setting CVar [[r.Shadow.MaxCSMResolution:2048]]
[2019.08.23-20.58.27:648][  0]LogConfig: Setting CVar [[r.Shadow.RadiusThreshold:0.01]]
[2019.08.23-20.58.27:648][  0]LogConfig: Setting CVar [[r.Shadow.DistanceScale:1.0]]
[2019.08.23-20.58.27:649][  0]LogConfig: Setting CVar [[r.Shadow.CSM.TransitionScale:1.0]]
[2019.08.23-20.58.27:649][  0]LogConfig: Setting CVar [[r.Shadow.PreShadowResolutionFactor:1.0]]
[2019.08.23-20.58.27:649][  0]LogConfig: Setting CVar [[r.DistanceFieldShadowing:1]]
[2019.08.23-20.58.27:649][  0]LogConfig: Setting CVar [[r.DistanceFieldAO:1]]
[2019.08.23-20.58.27:649][  0]LogConfig: Setting CVar [[r.AOQuality:2]]
[2019.08.23-20.58.27:649][  0]LogConfig: Setting CVar [[r.VolumetricFog:1]]
[2019.08.23-20.58.27:649][  0]LogConfig: Setting CVar [[r.VolumetricFog.GridPixelSize:8]]
[2019.08.23-20.58.27:649][  0]LogConfig: Setting CVar [[r.VolumetricFog.GridSizeZ:128]]
[2019.08.23-20.58.27:649][  0]LogConfig: Setting CVar [[r.VolumetricFog.HistoryMissSupersampleCount:4]]
[2019.08.23-20.58.27:649][  0]LogConfig: Setting CVar [[r.LightMaxDrawDistanceScale:1]]
[2019.08.23-20.58.27:649][  0]LogConfig: Setting CVar [[r.CapsuleShadows:1]]
[2019.08.23-20.58.27:649][  0]LogConfig: Applying CVar settings from Section [PostProcessQuality@3] File [D:/Documents/UE4/TechDemo/TechDemo/Saved/Config/Windows/Scalability.ini]
[2019.08.23-20.58.27:649][  0]LogConfig: Setting CVar [[r.MotionBlurQuality:4]]
[2019.08.23-20.58.27:649][  0]LogConfig: Setting CVar [[r.AmbientOcclusionMipLevelFactor:0.4]]
[2019.08.23-20.58.27:649][  0]LogConfig: Setting CVar [[r.AmbientOcclusionMaxQuality:100]]
[2019.08.23-20.58.27:649][  0]LogConfig: Setting CVar [[r.AmbientOcclusionLevels:-1]]
[2019.08.23-20.58.27:649][  0]LogConfig: Setting CVar [[r.AmbientOcclusionRadiusScale:1.0]]
[2019.08.23-20.58.27:649][  0]LogConfig: Setting CVar [[r.DepthOfFieldQuality:2]]
[2019.08.23-20.58.27:649][  0]LogConfig: Setting CVar [[r.RenderTargetPoolMin:400]]
[2019.08.23-20.58.27:649][  0]LogConfig: Setting CVar [[r.LensFlareQuality:2]]
[2019.08.23-20.58.27:649][  0]LogConfig: Setting CVar [[r.SceneColorFringeQuality:1]]
[2019.08.23-20.58.27:649][  0]LogConfig: Setting CVar [[r.EyeAdaptationQuality:2]]
[2019.08.23-20.58.27:649][  0]LogConfig: Setting CVar [[r.BloomQuality:5]]
[2019.08.23-20.58.27:649][  0]LogConfig: Setting CVar [[r.FastBlurThreshold:100]]
[2019.08.23-20.58.27:649][  0]LogConfig: Setting CVar [[r.Upscale.Quality:3]]
[2019.08.23-20.58.27:649][  0]LogConfig: Setting CVar [[r.Tonemapper.GrainQuantization:1]]
[2019.08.23-20.58.27:649][  0]LogConfig: Setting CVar [[r.LightShaftQuality:1]]
[2019.08.23-20.58.27:649][  0]LogConfig: Setting CVar [[r.Filter.SizeScale:1]]
[2019.08.23-20.58.27:649][  0]LogConfig: Setting CVar [[r.Tonemapper.Quality:5]]
[2019.08.23-20.58.27:649][  0]LogConfig: Setting CVar [[r.DOF.Gather.AccumulatorQuality:1        ; higher gathering accumulator quality]]
[2019.08.23-20.58.27:649][  0]LogConfig: Setting CVar [[r.DOF.Gather.PostfilterMethod:1          ; Median3x3 postfilering method]]
[2019.08.23-20.58.27:649][  0]LogConfig: Setting CVar [[r.DOF.Gather.EnableBokehSettings:0       ; no bokeh simulation when gathering]]
[2019.08.23-20.58.27:649][  0]LogConfig: Setting CVar [[r.DOF.Gather.RingCount:4                 ; medium number of samples when gathering]]
[2019.08.23-20.58.27:649][  0]LogConfig: Setting CVar [[r.DOF.Scatter.ForegroundCompositing:1    ; additive foreground scattering]]
[2019.08.23-20.58.27:649][  0]LogConfig: Setting CVar [[r.DOF.Scatter.BackgroundCompositing:2    ; additive background scattering]]
[2019.08.23-20.58.27:649][  0]LogConfig: Setting CVar [[r.DOF.Scatter.EnableBokehSettings:1      ; bokeh simulation when scattering]]
[2019.08.23-20.58.27:649][  0]LogConfig: Setting CVar [[r.DOF.Scatter.MaxSpriteRatio:0.1         ; only a maximum of 10% of scattered bokeh]]
[2019.08.23-20.58.27:649][  0]LogConfig: Setting CVar [[r.DOF.Recombine.Quality:1                ; cheap slight out of focus]]
[2019.08.23-20.58.27:649][  0]LogConfig: Setting CVar [[r.DOF.Recombine.EnableBokehSettings:0    ; no bokeh simulation on slight out of focus]]
[2019.08.23-20.58.27:649][  0]LogConfig: Setting CVar [[r.DOF.TemporalAAQuality:1                ; more stable temporal accumulation]]
[2019.08.23-20.58.27:649][  0]LogConfig: Setting CVar [[r.DOF.Kernel.MaxForegroundRadius:0.025]]
[2019.08.23-20.58.27:649][  0]LogConfig: Setting CVar [[r.DOF.Kernel.MaxBackgroundRadius:0.025]]
[2019.08.23-20.58.27:649][  0]LogConfig: Applying CVar settings from Section [TextureQuality@3] File [D:/Documents/UE4/TechDemo/TechDemo/Saved/Config/Windows/Scalability.ini]
[2019.08.23-20.58.27:649][  0]LogConfig: Setting CVar [[r.Streaming.MipBias:0]]
[2019.08.23-20.58.27:649][  0]LogConfig: Setting CVar [[r.Streaming.AmortizeCPUToGPUCopy:0]]
[2019.08.23-20.58.27:650][  0]LogConfig: Setting CVar [[r.Streaming.MaxNumTexturesToStreamPerFrame:0]]
[2019.08.23-20.58.27:650][  0]LogConfig: Setting CVar [[r.Streaming.Boost:1]]
[2019.08.23-20.58.27:650][  0]LogConfig: Setting CVar [[r.MaxAnisotropy:8]]
[2019.08.23-20.58.27:650][  0]LogConfig: Setting CVar [[r.Streaming.LimitPoolSizeToVRAM:0]]
[2019.08.23-20.58.27:650][  0]LogConfig: Setting CVar [[r.Streaming.PoolSize:1000]]
[2019.08.23-20.58.27:650][  0]LogConfig: Setting CVar [[r.Streaming.MaxEffectiveScreenSize:0]]
[2019.08.23-20.58.27:650][  0]LogConfig: Applying CVar settings from Section [EffectsQuality@3] File [D:/Documents/UE4/TechDemo/TechDemo/Saved/Config/Windows/Scalability.ini]
[2019.08.23-20.58.27:650][  0]LogConfig: Setting CVar [[r.TranslucencyLightingVolumeDim:64]]
[2019.08.23-20.58.27:650][  0]LogConfig: Setting CVar [[r.RefractionQuality:2]]
[2019.08.23-20.58.27:650][  0]LogConfig: Setting CVar [[r.SSR.Quality:3]]
[2019.08.23-20.58.27:650][  0]LogConfig: Setting CVar [[r.SceneColorFormat:4]]
[2019.08.23-20.58.27:650][  0]LogConfig: Setting CVar [[r.DetailMode:2]]
[2019.08.23-20.58.27:650][  0]LogConfig: Setting CVar [[r.TranslucencyVolumeBlur:1]]
[2019.08.23-20.58.27:650][  0]LogConfig: Setting CVar [[r.MaterialQualityLevel:1 ; High quality]]
[2019.08.23-20.58.27:650][  0]LogConfig: Setting CVar [[r.SSS.Scale:1]]
[2019.08.23-20.58.27:650][  0]LogConfig: Setting CVar [[r.SSS.SampleSet:2]]
[2019.08.23-20.58.27:650][  0]LogConfig: Setting CVar [[r.SSS.Quality:1]]
[2019.08.23-20.58.27:650][  0]LogConfig: Setting CVar [[r.SSS.HalfRes:1]]
[2019.08.23-20.58.27:650][  0]LogConfig: Setting CVar [[r.EmitterSpawnRateScale:1.0]]
[2019.08.23-20.58.27:650][  0]LogConfig: Setting CVar [[r.ParticleLightQuality:2]]
[2019.08.23-20.58.27:650][  0]LogConfig: Applying CVar settings from Section [FoliageQuality@3] File [D:/Documents/UE4/TechDemo/TechDemo/Saved/Config/Windows/Scalability.ini]
[2019.08.23-20.58.27:650][  0]LogConfig: Setting CVar [[foliage.DensityScale:1.0]]
[2019.08.23-20.58.27:650][  0]LogConfig: Setting CVar [[grass.DensityScale:1.0]]
[2019.08.23-20.58.27:650][  0]LogConfig: Applying CVar settings from Section [Startup] File [../../../Engine/Config/ConsoleVariables.ini]
[2019.08.23-20.58.27:650][  0]LogConfig: Setting CVar [[net.UseAdaptiveNetUpdateFrequency:0]]
[2019.08.23-20.58.27:651][  0]LogConfig: Setting CVar [[p.chaos.AllowCreatePhysxBodies:1]]
[2019.08.23-20.58.27:651][  0]LogConfig: Applying CVar settings from Section [ConsoleVariables] File [D:/Documents/UE4/TechDemo/TechDemo/Saved/Config/Windows/Engine.ini]
[2019.08.23-20.58.27:651][  0]LogInit: Computer: LAPTOP-OQTU4Q1V
[2019.08.23-20.58.27:651][  0]LogInit: User: jsimo
[2019.08.23-20.58.27:651][  0]LogInit: CPU Page size=4096, Cores=4
[2019.08.23-20.58.27:651][  0]LogInit: High frequency timer resolution =2.249997 MHz
[2019.08.23-20.58.27:651][  0]LogMemory: Memory total: Physical=7.9GB (8GB approx)
[2019.08.23-20.58.27:651][  0]LogMemory: Platform Memory Stats for Windows
[2019.08.23-20.58.27:651][  0]LogMemory: Process Physical Memory: 97.11 MB used, 97.11 MB peak
[2019.08.23-20.58.27:651][  0]LogMemory: Process Virtual Memory: 89.21 MB used, 89.21 MB peak
[2019.08.23-20.58.27:651][  0]LogMemory: Physical Memory: 4599.09 MB used,  3513.04 MB free, 8112.13 MB total
[2019.08.23-20.58.27:651][  0]LogMemory: Virtual Memory: 4640.23 MB used,  134213088.00 MB free, 134217728.00 MB total
[2019.08.23-20.58.27:698][  0]LogInit: Using OS detected language (en-GB).
[2019.08.23-20.58.27:698][  0]LogInit: Using OS detected locale (en-GB).
[2019.08.23-20.58.27:700][  0]LogTextLocalizationManager: No specific localization for 'en-GB' exists, so the 'en' localization will be used.
[2019.08.23-20.58.27:925][  0]LogInit: Setting process to per monitor DPI aware
[2019.08.23-20.58.27:964][  0]LogSlate: New Slate User Created.  User Index 0, Is Virtual User: 0
[2019.08.23-20.58.27:964][  0]LogSlate: Slate User Registered.  User Index 0, Is Virtual User: 0
[2019.08.23-20.58.28:204][  0]LogHMD: Failed to initialize OpenVR with code 100
[2019.08.23-20.58.28:204][  0]LogD3D11RHI: D3D11 adapters:
[2019.08.23-20.58.28:292][  0]LogD3D11RHI:    0. 'NVIDIA GeForce GTX 1060' (Feature Level 11_0)
[2019.08.23-20.58.28:292][  0]LogD3D11RHI:       2987/0/4056 MB DedicatedVideo/DedicatedSystem/SharedSystem, Outputs:1, VendorId:0x10de
[2019.08.23-20.58.28:295][  0]LogD3D11RHI:    1. 'Microsoft Basic Render Driver' (Feature Level 11_0)
[2019.08.23-20.58.28:295][  0]LogD3D11RHI:       0/0/4056 MB DedicatedVideo/DedicatedSystem/SharedSystem, Outputs:0, VendorId:0x1414
[2019.08.23-20.58.28:295][  0]LogD3D11RHI: Chosen D3D11 Adapter: 0
[2019.08.23-20.58.28:303][  0]LogD3D11RHI: Creating new Direct3DDevice
[2019.08.23-20.58.28:303][  0]LogD3D11RHI:     GPU DeviceId: 0x1c60 (for the marketing name, search the web for "GPU Device Id")
[2019.08.23-20.58.28:303][  0]LogWindows: EnumDisplayDevices:
[2019.08.23-20.58.28:303][  0]LogWindows:    0. 'NVIDIA GeForce GTX 1060' (P:1 D:1)
[2019.08.23-20.58.28:303][  0]LogWindows:    1. 'NVIDIA GeForce GTX 1060' (P:0 D:0)
[2019.08.23-20.58.28:304][  0]LogWindows:    2. 'NVIDIA GeForce GTX 1060' (P:0 D:0)
[2019.08.23-20.58.28:305][  0]LogWindows:    3. 'NVIDIA GeForce GTX 1060' (P:0 D:0)
[2019.08.23-20.58.28:305][  0]LogWindows: DebugString: FoundDriverCount:4 
[2019.08.23-20.58.28:305][  0]LogD3D11RHI:     Adapter Name: NVIDIA GeForce GTX 1060
[2019.08.23-20.58.28:305][  0]LogD3D11RHI:   Driver Version: 430.86 (internal:26.21.14.3086, unified:430.86)
[2019.08.23-20.58.28:305][  0]LogD3D11RHI:      Driver Date: 5-22-2019
[2019.08.23-20.58.28:305][  0]LogRHI: Texture pool is 2090 MB (70% of 2987 MB)
[2019.08.23-20.58.28:379][  0]LogD3D11RHI: Async texture creation enabled
[2019.08.23-20.58.28:388][  0]LogRendererCore: FGlobalReadBuffer::InitRHI
[2019.08.23-20.58.28:389][  0]LogRendererCore: FGlobalReadBuffer::InitRHI
[2019.08.23-20.58.28:389][  0]LogRendererCore: FGlobalReadBuffer::InitRHI
[2019.08.23-20.58.28:400][  0]LogD3D11RHI: GPU Timing Frequency: 1000.000000 (Debug: 2 1)
[2019.08.23-20.58.28:826][  0]LogTemp: Display: Module 'AllDesktopTargetPlatform' loaded TargetPlatform 'AllDesktop'
[2019.08.23-20.58.28:841][  0]LogTemp: Display: Module 'MacClientTargetPlatform' loaded TargetPlatform 'MacClient'
[2019.08.23-20.58.28:858][  0]LogTemp: Display: Module 'MacNoEditorTargetPlatform' loaded TargetPlatform 'MacNoEditor'
[2019.08.23-20.58.28:874][  0]LogTemp: Display: Module 'MacServerTargetPlatform' loaded TargetPlatform 'MacServer'
[2019.08.23-20.58.28:890][  0]LogTemp: Display: Module 'MacTargetPlatform' loaded TargetPlatform 'Mac'
[2019.08.23-20.58.28:906][  0]LogTemp: Display: Module 'WindowsClientTargetPlatform' loaded TargetPlatform 'WindowsClient'
[2019.08.23-20.58.28:922][  0]LogTemp: Display: Module 'WindowsNoEditorTargetPlatform' loaded TargetPlatform 'WindowsNoEditor'
[2019.08.23-20.58.28:937][  0]LogTemp: Display: Module 'WindowsServerTargetPlatform' loaded TargetPlatform 'WindowsServer'
[2019.08.23-20.58.28:945][  0]LogTemp: Display: Module 'WindowsTargetPlatform' loaded TargetPlatform 'Windows'
[2019.08.23-20.58.29:040][  0]LogTemp: Display: Module 'AndroidTargetPlatform' loaded TargetPlatform 'Android'
[2019.08.23-20.58.29:040][  0]LogTemp: Display: Module 'AndroidTargetPlatform' loaded TargetPlatform 'Android_ASTC'
[2019.08.23-20.58.29:040][  0]LogTemp: Display: Module 'AndroidTargetPlatform' loaded TargetPlatform 'Android_ATC'
[2019.08.23-20.58.29:040][  0]LogTemp: Display: Module 'AndroidTargetPlatform' loaded TargetPlatform 'Android_DXT'
[2019.08.23-20.58.29:040][  0]LogTemp: Display: Module 'AndroidTargetPlatform' loaded TargetPlatform 'Android_ETC1'
[2019.08.23-20.58.29:040][  0]LogTemp: Display: Module 'AndroidTargetPlatform' loaded TargetPlatform 'Android_ETC1a'
[2019.08.23-20.58.29:040][  0]LogTemp: Display: Module 'AndroidTargetPlatform' loaded TargetPlatform 'Android_ETC2'
[2019.08.23-20.58.29:040][  0]LogTemp: Display: Module 'AndroidTargetPlatform' loaded TargetPlatform 'Android_PVRTC'
[2019.08.23-20.58.29:040][  0]LogTemp: Display: Module 'AndroidTargetPlatform' loaded TargetPlatform 'AndroidClient'
[2019.08.23-20.58.29:040][  0]LogTemp: Display: Module 'AndroidTargetPlatform' loaded TargetPlatform 'Android_ASTCClient'
[2019.08.23-20.58.29:040][  0]LogTemp: Display: Module 'AndroidTargetPlatform' loaded TargetPlatform 'Android_ATCClient'
[2019.08.23-20.58.29:040][  0]LogTemp: Display: Module 'AndroidTargetPlatform' loaded TargetPlatform 'Android_DXTClient'
[2019.08.23-20.58.29:040][  0]LogTemp: Display: Module 'AndroidTargetPlatform' loaded TargetPlatform 'Android_ETC1Client'
[2019.08.23-20.58.29:040][  0]LogTemp: Display: Module 'AndroidTargetPlatform' loaded TargetPlatform 'Android_ETC1aClient'
[2019.08.23-20.58.29:040][  0]LogTemp: Display: Module 'AndroidTargetPlatform' loaded TargetPlatform 'Android_ETC2Client'
[2019.08.23-20.58.29:040][  0]LogTemp: Display: Module 'AndroidTargetPlatform' loaded TargetPlatform 'Android_PVRTCClient'
[2019.08.23-20.58.29:040][  0]LogTemp: Display: Module 'AndroidTargetPlatform' loaded TargetPlatform 'Android_Multi'
[2019.08.23-20.58.29:040][  0]LogTemp: Display: Module 'AndroidTargetPlatform' loaded TargetPlatform 'Android_MultiClient'
[2019.08.23-20.58.29:042][  0]LogTemp: Display: Module 'HTML5TargetPlatform' loaded TargetPlatform 'HTML5'
[2019.08.23-20.58.29:097][  0]LogTemp: Display: Module 'IOSTargetPlatform' loaded TargetPlatform 'IOSClient'
[2019.08.23-20.58.29:097][  0]LogTemp: Display: Module 'IOSTargetPlatform' loaded TargetPlatform 'IOS'
[2019.08.23-20.58.29:125][  0]LogTemp: Display: Module 'TVOSTargetPlatform' loaded TargetPlatform 'TVOSClient'
[2019.08.23-20.58.29:125][  0]LogTemp: Display: Module 'TVOSTargetPlatform' loaded TargetPlatform 'TVOS'
[2019.08.23-20.58.29:140][  0]LogTemp: Display: Module 'LinuxClientTargetPlatform' loaded TargetPlatform 'LinuxClient'
[2019.08.23-20.58.29:155][  0]LogTemp: Display: Module 'LinuxNoEditorTargetPlatform' loaded TargetPlatform 'LinuxNoEditor'
[2019.08.23-20.58.29:170][  0]LogTemp: Display: Module 'LinuxServerTargetPlatform' loaded TargetPlatform 'LinuxServer'
[2019.08.23-20.58.29:185][  0]LogTemp: Display: Module 'LinuxTargetPlatform' loaded TargetPlatform 'Linux'
[2019.08.23-20.58.29:236][  0]LogTemp: Display: Module 'LuminTargetPlatform' loaded TargetPlatform 'Lumin'
[2019.08.23-20.58.29:236][  0]LogTemp: Display: Module 'LuminTargetPlatform' loaded TargetPlatform 'LuminClient'
[2019.08.23-20.58.29:236][  0]LogTargetPlatformManager: Display: Building Assets For Windows
[2019.08.23-20.58.29:246][  0]LogAudioDebug: Display: Lib vorbis DLL was dynamically loaded.
[2019.08.23-20.58.29:303][  0]LogShaderCompilers: Guid format shader working directory is 0 characters bigger than the processId version (../../../../../Documents/UE4/TechDemo/TechDemo/Intermediate/Shaders/WorkingDirectory/6516/).
[2019.08.23-20.58.29:304][  0]LogShaderCompilers: Cleaned the shader compiler working directory 'C:/Users/jsimo/AppData/Local/Temp/UnrealShaderWorkingDir/31F3D38E41CED216289D4B833E308E92/'.
[2019.08.23-20.58.29:306][  0]LogXGEController: Cleaning working directory: C:/Users/jsimo/AppData/Local/Temp/UnrealXGEWorkingDir/
[2019.08.23-20.58.29:306][  0]LogXGEController: Cannot use XGE Controller as Incredibuild is not installed on this machine.
[2019.08.23-20.58.29:306][  0]LogShaderCompilers: Cannot use XGE Shader Compiler as Incredibuild is not installed on this machine.
[2019.08.23-20.58.29:306][  0]LogShaderCompilers: Display: Using Local Shader Compiler.
[2019.08.23-20.58.30:011][  0]LogDerivedDataCache: Display: Max Cache Size: 512 MB
[2019.08.23-20.58.30:090][  0]LogDerivedDataCache: Loaded boot cache 0.08s 74MB C:/Users/jsimo/AppData/Local/UnrealEngine/4.22/DerivedDataCache/Boot.ddc.
[2019.08.23-20.58.30:090][  0]LogDerivedDataCache: Display: Loaded Boot cache: C:/Users/jsimo/AppData/Local/UnrealEngine/4.22/DerivedDataCache/Boot.ddc
[2019.08.23-20.58.30:090][  0]LogDerivedDataCache: FDerivedDataBackendGraph:  Pak pak cache file ../../../../../Documents/UE4/TechDemo/TechDemo/DerivedDataCache/DDC.ddp not found, will not use a pak cache.
[2019.08.23-20.58.30:090][  0]LogDerivedDataCache: Unable to find inner node Pak for hierarchical cache Hierarchy.
[2019.08.23-20.58.30:090][  0]LogDerivedDataCache: FDerivedDataBackendGraph:  CompressedPak pak cache file ../../../../../Documents/UE4/TechDemo/TechDemo/DerivedDataCache/Compressed.ddp not found, will not use a pak cache.
[2019.08.23-20.58.30:090][  0]LogDerivedDataCache: Unable to find inner node CompressedPak for hierarchical cache Hierarchy.
[2019.08.23-20.58.30:108][  0]LogDerivedDataCache: Display: Pak cache opened for reading ../../../Engine/DerivedDataCache/Compressed.ddp.
[2019.08.23-20.58.30:108][  0]LogDerivedDataCache: FDerivedDataBackendGraph:  EnterprisePak pak cache file ../../../Enterprise/DerivedDataCache/Compressed.ddp not found, will not use a pak cache.
[2019.08.23-20.58.30:108][  0]LogDerivedDataCache: Unable to find inner node EnterprisePak for hierarchical cache Hierarchy.
[2019.08.23-20.58.30:120][  0]LogDerivedDataCache: Using Local data cache path C:/Users/jsimo/AppData/Local/UnrealEngine/Common/DerivedDataCache: Writable
[2019.08.23-20.58.30:120][  0]LogDerivedDataCache: Shared data cache path not found in *engine.ini, will not use an Shared cache.
[2019.08.23-20.58.30:120][  0]LogDerivedDataCache: Unable to find inner node Shared for hierarchical cache Hierarchy.
[2019.08.23-20.58.30:150][  0]LogMaterial: Verifying Global Shaders for PCD3D_SM5
[2019.08.23-20.58.30:151][  0]LogSlate: Using FreeType 2.6.0
[2019.08.23-20.58.30:151][  0]LogSlate: SlateFontServices - WITH_FREETYPE: 1, WITH_HARFBUZZ: 1
[2019.08.23-20.58.30:265][  0]LogAssetRegistry: FAssetRegistry took 0.0361 seconds to start up
[2019.08.23-20.58.30:740][  0]LogInit: Selected Device Profile: [Windows]
[2019.08.23-20.58.30:956][  0]LogMeshReduction: Using QuadricMeshReduction for automatic static mesh reduction
[2019.08.23-20.58.30:956][  0]LogMeshReduction: Using SimplygonMeshReduction for automatic skeletal mesh reduction
[2019.08.23-20.58.30:956][  0]LogMeshReduction: Using ProxyLODMeshReduction for automatic mesh merging
[2019.08.23-20.58.30:956][  0]LogMeshReduction: No distributed automatic mesh merging module available
[2019.08.23-20.58.30:956][  0]LogMeshMerging: No distributed automatic mesh merging module available
[2019.08.23-20.58.30:978][  0]LogNetVersion: TechDemo 1.0.0, NetCL: 5660361, EngineNetVer: 10, GameNetVer: 0 (Checksum: 4147656178)
[2019.08.23-20.58.31:501][  0]LogPackageLocalizationCache: Processed 10 localized package path(s) for 1 prioritized culture(s) in 0.049149 seconds
[2019.08.23-20.58.31:509][  0]LogUObjectArray: 42205 objects as part of root set at end of initial load.
[2019.08.23-20.58.31:510][  0]LogUObjectAllocator: 7325032 out of 0 bytes used by permanent object pool.
[2019.08.23-20.58.31:510][  0]LogUObjectArray: CloseDisregardForGC: 0/0 objects in disregard for GC pool
[2019.08.23-20.58.32:685][  0]LogTcpMessaging: Initializing TcpMessaging bridge
[2019.08.23-20.58.32:700][  0]LogUdpMessaging: Initializing bridge on interface 0.0.0.0:0 to multicast group 230.0.0.1:6666.
[2019.08.23-20.58.33:061][  0]SourceControl: Source control is disabled
[2019.08.23-20.58.33:061][  0]SourceControl: Source control is disabled
[2019.08.23-20.58.33:064][  0]SourceControl: Source control is disabled
[2019.08.23-20.58.33:065][  0]SourceControl: Source control is disabled
[2019.08.23-20.58.33:170][  0]LogAndroidPermission: UAndroidPermissionCallbackProxy::GetInstance
[2019.08.23-20.58.33:271][  0]LogOcInput: OculusInput pre-init called
[2019.08.23-20.58.34:277][  0]LogEngine: Initializing Engine...
[2019.08.23-20.58.34:279][  0]LogHMD: Failed to initialize OpenVR with code 100
[2019.08.23-20.58.34:281][  0]LogStats: UGameplayTagsManager::InitializeManager -  0.000 s
[2019.08.23-20.58.34:570][  0]LogInit: Initializing FReadOnlyCVARCache
[2019.08.23-20.58.34:587][  0]LogAIModule: Creating AISystem for world Untitled
[2019.08.23-20.58.34:678][  0]LogInit: XAudio2 using 'Speaker/Headphone (Realtek High Definition Audio)' : 2 channels at 48 kHz using 32 bits per sample (channel mask 0x3)
[2019.08.23-20.58.35:596][  0]LogInit: FAudioDevice initialized.
[2019.08.23-20.58.35:596][  0]LogNetVersion: Set ProjectVersion to 1.0.0.0. Version Checksum will be recalculated on next use.
[2019.08.23-20.58.35:773][  0]LogDerivedDataCache: Saved boot cache 0.18s 74MB C:/Users/jsimo/AppData/Local/UnrealEngine/4.22/DerivedDataCache/Boot.ddc.
[2019.08.23-20.58.35:781][  0]LogInit: Texture streaming: Enabled
[2019.08.23-20.58.35:809][  0]LogEngineSessionManager: EngineSessionManager initialized
[2019.08.23-20.58.35:809][  0]LogEngineSessionManager: EngineSessionManager sent abnormal shutdown report. Type=Crashed, SessionId={4FD50820-43A0-4762-6D9B-6B910C20D15E}
[2019.08.23-20.58.35:834][  0]LogInit: Transaction tracking system initialized
[2019.08.23-20.58.35:870][  0]BlueprintLog: New page: Editor Load
[2019.08.23-20.58.35:979][  0]LocalizationService: Localization service is disabled
[2019.08.23-20.58.36:384][  0]LogFileCache: Scanning file cache for directory 'D:/Documents/UE4/TechDemo/TechDemo/Content/' took 0.02s
[2019.08.23-20.58.36:385][  0]LogCook: Display: Max memory allowance for cook 16384mb min free memory 0mb
[2019.08.23-20.58.36:385][  0]LogCook: Display: Mobile HDR setting 1
[2019.08.23-20.58.36:642][  0]SourceControl: Source control is disabled
[2019.08.23-20.58.36:642][  0]Cmd: MAP LOAD FILE="../../../../../Documents/UE4/TechDemo/TechDemo/Content/FirstPersonCPP/Maps/FirstPersonExampleMap.umap" TEMPLATE=0 SHOWPROGRESS=1 FEATURELEVEL=3
[2019.08.23-20.58.36:643][  0]LightingResults: New page: Lighting Build
[2019.08.23-20.58.36:646][  0]MapCheck: New page: Map Check
[2019.08.23-20.58.36:646][  0]LightingResults: New page: Lighting Build
[2019.08.23-20.58.36:683][  0]LogUObjectHash: Compacting FUObjectHashTables data took   2.79ms
[2019.08.23-20.58.37:121][  0]LogAIModule: Creating AISystem for world FirstPersonExampleMap
[2019.08.23-20.58.37:133][  0]LogEditorServer: Finished looking for orphan Actors (0.000 secs)
[2019.08.23-20.58.37:179][  0]LogUObjectHash: Compacting FUObjectHashTables data took   2.68ms
[2019.08.23-20.58.37:179][  0]Cmd: MAP CHECKDEP NOCLEARLOG
[2019.08.23-20.58.37:179][  0]MapCheck: Map check complete: 0 Error(s), 0 Warning(s), took 0.138ms to complete.
[2019.08.23-20.58.37:179][  0]LogFileHelpers: Loading map 'FirstPersonExampleMap' took 0.537
[2019.08.23-20.58.37:304][  0]LogSlate: Updating window title bar state: overlay mode, drag disabled, window buttons hidden, title bar hidden
[2019.08.23-20.58.37:316][  0]LogSlate: Updating window title bar state: overlay mode, drag disabled, window buttons hidden, title bar hidden
[2019.08.23-20.58.37:329][  0]LogSlate: Updating window title bar state: overlay mode, drag disabled, window buttons hidden, title bar hidden
[2019.08.23-20.58.37:339][  0]LogSlate: Updating window title bar state: overlay mode, drag disabled, window buttons hidden, title bar hidden
[2019.08.23-20.58.37:348][  0]LogCollectionManager: Loaded 0 collections in 0.002264 seconds
[2019.08.23-20.58.37:380][  0]LogFileCache: Scanning file cache for directory 'D:/Documents/UE4/TechDemo/TechDemo/Saved/Collections/' took 0.01s
[2019.08.23-20.58.37:380][  0]LogFileCache: Scanning file cache for directory 'D:/Documents/UE4/TechDemo/TechDemo/Content/Developers/jsimo/Collections/' took 0.01s
[2019.08.23-20.58.37:380][  0]LogFileCache: Scanning file cache for directory 'D:/Documents/UE4/TechDemo/TechDemo/Content/Collections/' took 0.00s
[2019.08.23-20.58.37:380][  0]LogCollectionManager: Rebuilt the GUID cache for 0 collections in 0.000000 seconds
[2019.08.23-20.58.37:398][  0]LogContentBrowser: Native class hierarchy populated in 0.0185 seconds. Added 2739 classes and 661 folders.
[2019.08.23-20.58.37:413][  0]LogContentBrowser: Native class hierarchy updated for 'WidgetCarousel' in 0.0011 seconds. Added 0 classes and 0 folders.
[2019.08.23-20.58.37:418][  0]LogPakFile: Registered encryption key '00000000000000000000000000000000': 0 pak files mounted, 0 remain pending
[2019.08.23-20.58.37:419][  0]LogPakFile: Registered encryption key '00000000000000000000000000000000': 0 pak files mounted, 0 remain pending
[2019.08.23-20.58.37:420][  0]LogPakFile: Registered encryption key '00000000000000000000000000000000': 0 pak files mounted, 0 remain pending
[2019.08.23-20.58.37:421][  0]LogPakFile: Registered encryption key '00000000000000000000000000000000': 0 pak files mounted, 0 remain pending
[2019.08.23-20.58.37:422][  0]LogPakFile: Registered encryption key '00000000000000000000000000000000': 0 pak files mounted, 0 remain pending
[2019.08.23-20.58.37:423][  0]LogPakFile: Registered encryption key '00000000000000000000000000000000': 0 pak files mounted, 0 remain pending
[2019.08.23-20.58.37:424][  0]LogPakFile: Registered encryption key '00000000000000000000000000000000': 0 pak files mounted, 0 remain pending
[2019.08.23-20.58.37:425][  0]LogPakFile: Registered encryption key '00000000000000000000000000000000': 0 pak files mounted, 0 remain pending
[2019.08.23-20.58.37:426][  0]LogPakFile: Registered encryption key '00000000000000000000000000000000': 0 pak files mounted, 0 remain pending
[2019.08.23-20.58.37:427][  0]LogPakFile: Registered encryption key '00000000000000000000000000000000': 0 pak files mounted, 0 remain pending
[2019.08.23-20.58.37:428][  0]LogPakFile: Registered encryption key '00000000000000000000000000000000': 0 pak files mounted, 0 remain pending
[2019.08.23-20.58.37:429][  0]LogPakFile: Registered encryption key '00000000000000000000000000000000': 0 pak files mounted, 0 remain pending
[2019.08.23-20.58.37:430][  0]LogPakFile: Registered encryption key '00000000000000000000000000000000': 0 pak files mounted, 0 remain pending
[2019.08.23-20.58.37:431][  0]LogPakFile: Registered encryption key '00000000000000000000000000000000': 0 pak files mounted, 0 remain pending
[2019.08.23-20.58.37:432][  0]LogPakFile: Registered encryption key '00000000000000000000000000000000': 0 pak files mounted, 0 remain pending
[2019.08.23-20.58.37:433][  0]LogPakFile: Registered encryption key '00000000000000000000000000000000': 0 pak files mounted, 0 remain pending
[2019.08.23-20.58.37:434][  0]LogPakFile: Registered encryption key '00000000000000000000000000000000': 0 pak files mounted, 0 remain pending
[2019.08.23-20.58.37:435][  0]LogPakFile: Registered encryption key '00000000000000000000000000000000': 0 pak files mounted, 0 remain pending
[2019.08.23-20.58.37:436][  0]LogPakFile: Registered encryption key '00000000000000000000000000000000': 0 pak files mounted, 0 remain pending
[2019.08.23-20.58.37:437][  0]LogPakFile: Registered encryption key '00000000000000000000000000000000': 0 pak files mounted, 0 remain pending
[2019.08.23-20.58.37:438][  0]LogPakFile: Registered encryption key '00000000000000000000000000000000': 0 pak files mounted, 0 remain pending
[2019.08.23-20.58.37:439][  0]LogPakFile: Registered encryption key '00000000000000000000000000000000': 0 pak files mounted, 0 remain pending
[2019.08.23-20.58.37:440][  0]LogPakFile: Registered encryption key '00000000000000000000000000000000': 0 pak files mounted, 0 remain pending
[2019.08.23-20.58.37:441][  0]LogPakFile: Registered encryption key '00000000000000000000000000000000': 0 pak files mounted, 0 remain pending
[2019.08.23-20.58.37:442][  0]LogPakFile: Registered encryption key '00000000000000000000000000000000': 0 pak files mounted, 0 remain pending
[2019.08.23-20.58.37:443][  0]LogPakFile: Registered encryption key '00000000000000000000000000000000': 0 pak files mounted, 0 remain pending
[2019.08.23-20.58.37:528][  0]LogContentBrowser: Native class hierarchy updated for 'AddContentDialog' in 0.0007 seconds. Added 0 classes and 0 folders.
[2019.08.23-20.58.37:549][  0]LogContentBrowser: Native class hierarchy updated for 'SceneOutliner' in 0.0007 seconds. Added 1 classes and 2 folders.
[2019.08.23-20.58.37:561][  0]LogSlate: Took 0.000244 seconds to synchronously load lazily loaded font '../../../Engine/Content/Slate/Fonts/Roboto-Regular.ttf' (155K)
[2019.08.23-20.58.37:564][  0]LogSlate: Took 0.000298 seconds to synchronously load lazily loaded font '../../../Engine/Content/Slate/Fonts/Roboto-Bold.ttf' (160K)
[2019.08.23-20.58.37:571][  0]LogSlate: Took 0.000234 seconds to synchronously load lazily loaded font '../../../Engine/Content/Editor/Slate/Fonts/FontAwesome.ttf' (139K)
[2019.08.23-20.58.37:670][  0]LogRenderer: Reallocating scene render targets to support 1208x648 Format 10 NumSamples 1 (Frame:1).
[2019.08.23-20.58.37:927][  0]LogContentBrowser: Native class hierarchy updated for 'HierarchicalLODOutliner' in 0.0005 seconds. Added 0 classes and 0 folders.
[2019.08.23-20.58.37:927][  0]LogLoad: (Engine Initialization) Total time: 13.05 seconds
[2019.08.23-20.58.37:927][  0]LogLoad: (Engine Initialization) Total Blueprint compile time: 0.00 seconds
[2019.08.23-20.58.37:988][  0]LogAssetRegistry: Asset discovery search completed in 7.7447 seconds
[2019.08.23-20.58.37:993][  0]LogCollectionManager: Rebuilt the object cache for 0 collections in 0.000000 seconds (found 0 objects)
[2019.08.23-20.58.37:993][  0]LogCollectionManager: Fixed up redirectors for 0 collections in 0.000095 seconds (updated 0 objects)
[2019.08.23-20.58.37:995][  0]LogContentStreaming: Texture pool size now 1000 MB
[2019.08.23-20.58.38:043][  0]LogSlate: Took 0.000229 seconds to synchronously load lazily loaded font '../../../Engine/Content/Slate/Fonts/Roboto-Light.ttf' (167K)
[2019.08.23-21.01.31:609][ 64]LogUnrealEdMisc: Warning: Heartbeat event firing too frequently (0.000 sec). This should never happen. Something is wrong with the timer delegate!
[2019.08.23-21.01.37:998][ 83]LogUnrealEdMisc: Warning: Heartbeat event firing too frequently (6.389 sec). This should never happen. Something is wrong with the timer delegate!
[2019.08.23-21.02.04:380][272]LogSlate: FSceneViewport::OnFocusLost() reason 0
[2019.08.23-21.02.04:580][294]Candidate modules for hot reload:
[2019.08.23-21.02.04:580][294]  TechDemo
[2019.08.23-21.02.04:580][294]Launching UnrealBuildTool... [D:/UE4/UE_4.22/Engine/Binaries/DotNET/UnrealBuildTool.exe  -ModuleWithSuffix=TechDemo,4219 Win64 Development -TargetType=Editor -Project="D:/Documents/UE4/TechDemo/TechDemo/TechDemo.uproject" "D:/Documents/UE4/TechDemo/TechDemo/TechDemo.uproject"  -IgnoreJunk]
[2019.08.23-21.02.04:584][294]Warning: Starting HotReload took  0.0s.
[2019.08.23-21.02.25:630][365]LogSlate: Took 0.000230 seconds to synchronously load lazily loaded font '../../../Engine/Content/Slate/Fonts/Roboto-Light.ttf' (167K)
[2019.08.23-21.02.25:750][365]LogAssetEditorManager: Opening Asset editor for SoundCue /Game/FirstPerson/Audio/Shooting_Cue.Shooting_Cue
[2019.08.23-21.02.31:893][365]LogSlate: Took 0.026040 seconds to synchronously load lazily loaded font '../../../Engine/Content/Slate/Fonts/Roboto-BoldCondensed.ttf' (158K)
[2019.08.23-21.02.37:605][938]LogSlate: Window 'Shooting_Cue' being destroyed
[2019.08.23-21.02.44:718][712]LogAssetEditorManager: Opening Asset editor for Blueprint /Game/TechDemo/ThirdPersonCharacter.ThirdPersonCharacter
[2019.08.23-21.02.46:789][712]LogContentBrowser: Native class hierarchy updated for 'BlueprintGraph' in 0.0007 seconds. Added 121 classes and 0 folders.
[2019.08.23-21.02.51:592][713]LogSlate: Took 0.000159 seconds to synchronously load lazily loaded font '../../../Engine/Content/Slate/Fonts/Roboto-Italic.ttf' (157K)
[2019.08.23-21.02.54:267][  3]CompilerResultsLog: New page: Compilation - 23 Aug 2019 23:02:54
[2019.08.23-21.02.54:267][  3]CompilerResultsLog: Using 'git status' to determine working set for adaptive non-unity build (D:\Documents\UE4\TechDemo).
[2019.08.23-21.02.54:267][  3]CompilerResultsLog: Creating makefile for TechDemoEditor (ini files are newer than makefile)
[2019.08.23-21.02.54:267][  3]CompilerResultsLog: Parsing headers for TechDemoEditor
[2019.08.23-21.02.54:267][  3]CompilerResultsLog:   Running UnrealHeaderTool "D:\Documents\UE4\TechDemo\TechDemo\TechDemo.uproject" "D:\Documents\UE4\TechDemo\TechDemo\Intermediate\Build\Win64\TechDemoEditor\Development\TechDemoEditor.uhtmanifest" -LogCmds="loginit warning, logexit warning, logdatabase error" -Unattended -WarningsAsErrors -installed
[2019.08.23-21.02.54:267][  3]CompilerResultsLog: Reflection code generated for TechDemoEditor in 6.6119968 seconds
[2019.08.23-21.02.54:267][  3]CompilerResultsLog: Using Visual Studio 2017 14.16.27023 toolchain (C:\Program Files (x86)\Microsoft Visual Studio\2017\Community\VC\Tools\MSVC\14.16.27023) and Windows 10.0.17763.0 SDK (C:\Program Files (x86)\Windows Kits\10).
[2019.08.23-21.02.54:267][  3]CompilerResultsLog: Building 5 actions with 8 processes...
[2019.08.23-21.02.54:267][  3]CompilerResultsLog:   [1/5] ShootingComponent.cpp
[2019.08.23-21.02.54:267][  3]CompilerResultsLog:   [2/5] ShootingComponent.gen.cpp
[2019.08.23-21.02.54:267][  3]CompilerResultsLog:   [3/5] UE4Editor-TechDemo-4219.lib
[2019.08.23-21.02.54:267][  3]CompilerResultsLog:      Creating library D:\Documents\UE4\TechDemo\TechDemo\Intermediate\Build\Win64\UE4Editor\Development\TechDemo\UE4Editor-TechDemo-4219.lib and object D:\Documents\UE4\TechDemo\TechDemo\Intermediate\Build\Win64\UE4Editor\Development\TechDemo\UE4Editor-TechDemo-4219.exp
[2019.08.23-21.02.54:267][  3]CompilerResultsLog:   [4/5] UE4Editor-TechDemo-4219.dll
[2019.08.23-21.02.54:267][  3]CompilerResultsLog:      Creating library D:\Documents\UE4\TechDemo\TechDemo\Intermediate\Build\Win64\UE4Editor\Development\TechDemo\UE4Editor-TechDemo-4219.suppressed.lib and object D:\Documents\UE4\TechDemo\TechDemo\Intermediate\Build\Win64\UE4Editor\Development\TechDemo\UE4Editor-TechDemo-4219.suppressed.exp
[2019.08.23-21.02.54:267][  3]CompilerResultsLog:   [5/5] TechDemoEditor.target
[2019.08.23-21.02.54:268][  3]CompilerResultsLog: Total time in Parallel executor: 40.67 seconds
[2019.08.23-21.02.54:268][  3]CompilerResultsLog: Total execution time: 49.60 seconds
[2019.08.23-21.02.54:268][  3]LogMainFrame: MainFrame: Module compiling took 49.690 seconds
[2019.08.23-21.02.54:321][  3]LogUObjectHash: Compacting FUObjectHashTables data took   2.67ms
[2019.08.23-21.02.54:321][  3]LogBlueprintActionDatabase: Requesting refresh due to module change: TechDemo (unloaded)
[2019.08.23-21.02.54:442][  3]LogClass: Could not find existing class ShootingComponent in package /Script/TechDemo for HotReload, assuming new class
[2019.08.23-21.02.54:463][  3]LogHotReload: Re-instancing ShootingComponent after hot-reload.
[2019.08.23-21.02.54:857][  3]LogBlueprintActionDatabase: Requesting refresh due to module change: TechDemo (loaded)
[2019.08.23-21.02.54:858][  3]LogContentBrowser: Native class hierarchy updated for 'TechDemo' in 0.0004 seconds. Added 7 classes and 2 folders.
[2019.08.23-21.02.54:862][  3]Display: HotReload successful (1 functions remapped  0 scriptstructs remapped)
[2019.08.23-21.02.54:994][  3]LogUObjectHash: Compacting FUObjectHashTables data took   1.59ms
[2019.08.23-21.02.54:994][  3]LogBlueprintActionDatabase: Requesting refresh due to hot reload
[2019.08.23-21.02.55:018][  3]LogContentBrowser: Native class hierarchy populated in 0.0083 seconds. Added 2740 classes and 663 folders.
[2019.08.23-21.02.55:038][  3]Display: HotReload took 50.5s.
[2019.08.23-21.03.08:360][606]Candidate modules for hot reload:
[2019.08.23-21.03.08:360][606]  TechDemo
[2019.08.23-21.03.08:360][606]Launching UnrealBuildTool... [D:/UE4/UE_4.22/Engine/Binaries/DotNET/UnrealBuildTool.exe  -ModuleWithSuffix=TechDemo,4366 Win64 Development -TargetType=Editor -Project="D:/Documents/UE4/TechDemo/TechDemo/TechDemo.uproject" "D:/Documents/UE4/TechDemo/TechDemo/TechDemo.uproject"  -IgnoreJunk]
[2019.08.23-21.03.08:367][606]Warning: Starting HotReload took  0.0s.
[2019.08.23-21.03.27:307][938]CompilerResultsLog: New page: Compilation - 23 Aug 2019 23:03:27
[2019.08.23-21.03.27:308][938]CompilerResultsLog: Using 'git status' to determine working set for adaptive non-unity build (D:\Documents\UE4\TechDemo).
[2019.08.23-21.03.27:308][938]CompilerResultsLog: Creating makefile for TechDemoEditor (ini files are newer than makefile)
[2019.08.23-21.03.27:308][938]CompilerResultsLog: Parsing headers for TechDemoEditor
[2019.08.23-21.03.27:308][938]CompilerResultsLog:   Running UnrealHeaderTool "D:\Documents\UE4\TechDemo\TechDemo\TechDemo.uproject" "D:\Documents\UE4\TechDemo\TechDemo\Intermediate\Build\Win64\TechDemoEditor\Development\TechDemoEditor.uhtmanifest" -LogCmds="loginit warning, logexit warning, logdatabase error" -Unattended -WarningsAsErrors -installed
[2019.08.23-21.03.27:308][938]CompilerResultsLog: Reflection code generated for TechDemoEditor in 7.0493018 seconds
[2019.08.23-21.03.27:308][938]CompilerResultsLog: Using Visual Studio 2017 14.16.27023 toolchain (C:\Program Files (x86)\Microsoft Visual Studio\2017\Community\VC\Tools\MSVC\14.16.27023) and Windows 10.0.17763.0 SDK (C:\Program Files (x86)\Windows Kits\10).
[2019.08.23-21.03.27:308][938]CompilerResultsLog: Building 5 actions with 8 processes...
[2019.08.23-21.03.27:308][938]CompilerResultsLog:   [1/5] ShootingComponent.gen.cpp
[2019.08.23-21.03.27:308][938]CompilerResultsLog:   [2/5] ShootingComponent.cpp
[2019.08.23-21.03.27:308][938]CompilerResultsLog:   [3/5] UE4Editor-TechDemo-4366.lib
[2019.08.23-21.03.27:308][938]CompilerResultsLog:      Creating library D:\Documents\UE4\TechDemo\TechDemo\Intermediate\Build\Win64\UE4Editor\Development\TechDemo\UE4Editor-TechDemo-4366.lib and object D:\Documents\UE4\TechDemo\TechDemo\Intermediate\Build\Win64\UE4Editor\Development\TechDemo\UE4Editor-TechDemo-4366.exp
[2019.08.23-21.03.27:308][938]CompilerResultsLog:   [4/5] UE4Editor-TechDemo-4366.dll
[2019.08.23-21.03.27:308][938]CompilerResultsLog:      Creating library D:\Documents\UE4\TechDemo\TechDemo\Intermediate\Build\Win64\UE4Editor\Development\TechDemo\UE4Editor-TechDemo-4366.suppressed.lib and object D:\Documents\UE4\TechDemo\TechDemo\Intermediate\Build\Win64\UE4Editor\Development\TechDemo\UE4Editor-TechDemo-4366.suppressed.exp
[2019.08.23-21.03.27:308][938]CompilerResultsLog:   [5/5] TechDemoEditor.target
[2019.08.23-21.03.27:308][938]CompilerResultsLog: Total time in Parallel executor: 8.97 seconds
[2019.08.23-21.03.27:308][938]CompilerResultsLog: Total execution time: 18.58 seconds
[2019.08.23-21.03.27:308][938]LogMainFrame: MainFrame: Module compiling took 18.950 seconds
[2019.08.23-21.03.27:356][938]LogUObjectHash: Compacting FUObjectHashTables data took   3.85ms
[2019.08.23-21.03.27:356][938]LogBlueprintActionDatabase: Requesting refresh due to module change: TechDemo (unloaded)
[2019.08.23-21.03.27:597][938]LogClass: Could not find existing class ShootingComponent in package /Script/TechDemo for HotReload, assuming new class
[2019.08.23-21.03.27:615][938]LogHotReload: Re-instancing ShootingComponent after hot-reload.
[2019.08.23-21.03.27:752][938]LogBlueprintActionDatabase: Requesting refresh due to module change: TechDemo (loaded)
[2019.08.23-21.03.27:752][938]LogContentBrowser: Native class hierarchy updated for 'TechDemo' in 0.0004 seconds. Added 7 classes and 2 folders.
[2019.08.23-21.03.27:757][938]Display: HotReload successful (1 functions remapped  0 scriptstructs remapped)
[2019.08.23-21.03.27:860][938]LogUObjectHash: Compacting FUObjectHashTables data took   2.16ms
[2019.08.23-21.03.27:860][938]LogBlueprintActionDatabase: Requesting refresh due to hot reload
[2019.08.23-21.03.27:874][938]LogContentBrowser: Native class hierarchy populated in 0.0077 seconds. Added 2740 classes and 663 folders.
[2019.08.23-21.03.27:874][938]Display: HotReload took 19.5s.
[2019.08.23-21.06.52:417][114]Candidate modules for hot reload:
[2019.08.23-21.06.52:417][114]  TechDemo
[2019.08.23-21.06.52:417][114]Launching UnrealBuildTool... [D:/UE4/UE_4.22/Engine/Binaries/DotNET/UnrealBuildTool.exe  -ModuleWithSuffix=TechDemo,4476 Win64 Development -TargetType=Editor -Project="D:/Documents/UE4/TechDemo/TechDemo/TechDemo.uproject" "D:/Documents/UE4/TechDemo/TechDemo/TechDemo.uproject"  -IgnoreJunk]
[2019.08.23-21.06.52:422][114]Warning: Starting HotReload took  0.0s.
[2019.08.23-21.07.06:989][846]CompilerResultsLog: New page: Compilation - 23 Aug 2019 23:07:06
[2019.08.23-21.07.06:989][846]CompilerResultsLog: Using 'git status' to determine working set for adaptive non-unity build (D:\Documents\UE4\TechDemo).
[2019.08.23-21.07.06:989][846]CompilerResultsLog: Parsing headers for TechDemoEditor
[2019.08.23-21.07.06:989][846]CompilerResultsLog:   Running UnrealHeaderTool "D:\Documents\UE4\TechDemo\TechDemo\TechDemo.uproject" "D:\Documents\UE4\TechDemo\TechDemo\Intermediate\Build\Win64\TechDemoEditor\Development\TechDemoEditor.uhtmanifest" -LogCmds="loginit warning, logexit warning, logdatabase error" -Unattended -WarningsAsErrors -installed
[2019.08.23-21.07.06:989][846]CompilerResultsLog: Reflection code generated for TechDemoEditor in 6.7463921 seconds
[2019.08.23-21.07.06:989][846]CompilerResultsLog: Using Visual Studio 2017 14.16.27023 toolchain (C:\Program Files (x86)\Microsoft Visual Studio\2017\Community\VC\Tools\MSVC\14.16.27023) and Windows 10.0.17763.0 SDK (C:\Program Files (x86)\Windows Kits\10).
[2019.08.23-21.07.06:989][846]CompilerResultsLog: Building 5 actions with 8 processes...
[2019.08.23-21.07.06:989][846]CompilerResultsLog:   [1/5] ShootingComponent.gen.cpp
[2019.08.23-21.07.06:989][846]CompilerResultsLog:   [2/5] ShootingComponent.cpp
[2019.08.23-21.07.06:989][846]CompilerResultsLog:   [3/5] UE4Editor-TechDemo-4476.lib
[2019.08.23-21.07.06:989][846]CompilerResultsLog:      Creating library D:\Documents\UE4\TechDemo\TechDemo\Intermediate\Build\Win64\UE4Editor\Development\TechDemo\UE4Editor-TechDemo-4476.lib and object D:\Documents\UE4\TechDemo\TechDemo\Intermediate\Build\Win64\UE4Editor\Development\TechDemo\UE4Editor-TechDemo-4476.exp
[2019.08.23-21.07.06:989][846]CompilerResultsLog:   [4/5] UE4Editor-TechDemo-4476.dll
[2019.08.23-21.07.06:989][846]CompilerResultsLog:      Creating library D:\Documents\UE4\TechDemo\TechDemo\Intermediate\Build\Win64\UE4Editor\Development\TechDemo\UE4Editor-TechDemo-4476.suppressed.lib and object D:\Documents\UE4\TechDemo\TechDemo\Intermediate\Build\Win64\UE4Editor\Development\TechDemo\UE4Editor-TechDemo-4476.suppressed.exp
[2019.08.23-21.07.06:989][846]CompilerResultsLog:   [5/5] TechDemoEditor.target
[2019.08.23-21.07.06:989][846]CompilerResultsLog: Total time in Parallel executor: 6.43 seconds
[2019.08.23-21.07.06:989][846]CompilerResultsLog: Total execution time: 14.49 seconds
[2019.08.23-21.07.06:989][846]LogMainFrame: MainFrame: Module compiling took 14.574 seconds
[2019.08.23-21.07.07:052][846]LogUObjectHash: Compacting FUObjectHashTables data took   3.91ms
[2019.08.23-21.07.07:052][846]LogBlueprintActionDatabase: Requesting refresh due to module change: TechDemo (unloaded)
[2019.08.23-21.07.07:310][846]LogOutputDevice: Warning: 

Script Stack (0 frames):

[2019.08.23-21.07.07:311][846]LogWindows: Windows GetLastError: The operation completed successfully. (0)
[2019.08.23-21.07.14:322][846]LogWindows: Error: === Critical error: ===
[2019.08.23-21.07.14:322][846]LogWindows: Error: 
[2019.08.23-21.07.14:322][846]LogWindows: Error: Fatal error: [File:D:\Build\++UE4\Sync\Engine\Source\Runtime\CoreUObject\Private\UObject\UObjectGlobals.cpp] [Line: 3178] 
[2019.08.23-21.07.14:322][846]LogWindows: Error: FObjectFinders can't be used outside of constructors to find /Game/FirstPerson/Audio/Shooting_Cue
[2019.08.23-21.07.14:322][846]LogWindows: Error: 
[2019.08.23-21.07.14:322][846]LogWindows: Error: 
[2019.08.23-21.07.14:322][846]LogWindows: Error: [Callstack] 0x00007ffb6daca388 KERNELBASE.dll!UnknownFunction []
[2019.08.23-21.07.14:322][846]LogWindows: Error: [Callstack] 0x00007ffb2bb01f37 UE4Editor-Core.dll!UnknownFunction []
[2019.08.23-21.07.14:322][846]LogWindows: Error: [Callstack] 0x00007ffb2bb046e7 UE4Editor-Core.dll!UnknownFunction []
[2019.08.23-21.07.14:322][846]LogWindows: Error: [Callstack] 0x00007ffb2b917d1a UE4Editor-Core.dll!UnknownFunction []
[2019.08.23-21.07.14:322][846]LogWindows: Error: [Callstack] 0x00007ffb2b89fe33 UE4Editor-Core.dll!UnknownFunction []
[2019.08.23-21.07.14:322][846]LogWindows: Error: [Callstack] 0x00007ffb2b89fd18 UE4Editor-Core.dll!UnknownFunction []
[2019.08.23-21.07.14:322][846]LogWindows: Error: [Callstack] 0x00007ffb2b3d1a6b UE4Editor-CoreUObject.dll!UnknownFunction []
[2019.08.23-21.07.14:322][846]LogWindows: Error: [Callstack] 0x00007ffb2ae7b18f UE4Editor-TechDemo-4476.dll!UShootingComponent::UShootingComponent() [d:\documents\ue4\techdemo\techdemo\source\techdemo\shootingcomponent.h:56]
[2019.08.23-21.07.14:322][846]LogWindows: Error: [Callstack] 0x00007ffb2b1da695 UE4Editor-CoreUObject.dll!UnknownFunction []
[2019.08.23-21.07.14:322][846]LogWindows: Error: [Callstack] 0x00007ffb2b1d715c UE4Editor-CoreUObject.dll!UnknownFunction []
[2019.08.23-21.07.14:322][846]LogWindows: Error: [Callstack] 0x00007ffb2ae7b2de UE4Editor-TechDemo-4476.dll!UShootingComponent::GetPrivateStaticClass() [d:\documents\ue4\techdemo\techdemo\intermediate\build\win64\ue4editor\inc\techdemo\shootingcomponent.gen.cpp:130]
[2019.08.23-21.07.14:322][846]LogWindows: Error: [Callstack] 0x00007ffb2ae7b098 UE4Editor-TechDemo-4476.dll!TClassCompiledInDefer<UShootingComponent>::Register() [d:\ue4\ue_4.22\engine\source\runtime\coreuobject\public\uobject\uobjectbase.h:343]
[2019.08.23-21.07.14:322][846]LogWindows: Error: [Callstack] 0x00007ffb2b3ffd4d UE4Editor-CoreUObject.dll!UnknownFunction []
[2019.08.23-21.07.14:322][846]LogWindows: Error: [Callstack] 0x00007ffb2b3eeda0 UE4Editor-CoreUObject.dll!UnknownFunction []
[2019.08.23-21.07.14:322][846]LogWindows: Error: [Callstack] 0x00007ffb2b1ca727 UE4Editor-CoreUObject.dll!UnknownFunction []
[2019.08.23-21.07.14:322][846]LogWindows: Error: [Callstack] 0x00007ffb2b794a2b UE4Editor-Core.dll!UnknownFunction []
[2019.08.23-21.07.14:322][846]LogWindows: Error: [Callstack] 0x00007ffb2b965cb5 UE4Editor-Core.dll!UnknownFunction []
[2019.08.23-21.07.14:323][846]LogWindows: Error: [Callstack] 0x00007ffb2b965053 UE4Editor-Core.dll!UnknownFunction []
[2019.08.23-21.07.14:323][846]LogWindows: Error: [Callstack] 0x00007ffb0e63df69 UE4Editor-HotReload.dll!UnknownFunction []
[2019.08.23-21.07.14:323][846]LogWindows: Error: [Callstack] 0x00007ffb0e63be47 UE4Editor-HotReload.dll!UnknownFunction []
[2019.08.23-21.07.14:323][846]LogWindows: Error: [Callstack] 0x00007ffb0e63c6bf UE4Editor-HotReload.dll!UnknownFunction []
[2019.08.23-21.07.14:323][846]LogWindows: Error: [Callstack] 0x00007ffb0e64c5a5 UE4Editor-HotReload.dll!UnknownFunction []
[2019.08.23-21.07.14:323][846]LogWindows: Error: [Callstack] 0x00007ffb2b7308ba UE4Editor-Core.dll!UnknownFunction []
[2019.08.23-21.07.14:323][846]LogWindows: Error: [Callstack] 0x00007ff6544992d2 UE4Editor.exe!UnknownFunction []
[2019.08.23-21.07.14:323][846]LogWindows: Error: [Callstack] 0x00007ff6544a554c UE4Editor.exe!UnknownFunction []
[2019.08.23-21.07.14:323][846]LogWindows: Error: [Callstack] 0x00007ff6544a55ca UE4Editor.exe!UnknownFunction []
[2019.08.23-21.07.14:323][846]LogWindows: Error: [Callstack] 0x00007ff6544b316c UE4Editor.exe!UnknownFunction []
[2019.08.23-21.07.14:323][846]LogWindows: Error: [Callstack] 0x00007ff6544b5b8e UE4Editor.exe!UnknownFunction []
[2019.08.23-21.07.14:323][846]LogWindows: Error: [Callstack] 0x00007ffb6fbf4034 KERNEL32.DLL!UnknownFunction []
[2019.08.23-21.07.14:323][846]LogWindows: Error: [Callstack] 0x00007ffb708f3691 ntdll.dll!UnknownFunction []
[2019.08.23-21.07.14:323][846]LogWindows: Error: 
[2019.08.23-21.07.14:333][846]LogExit: Executing StaticShutdownAfterError
[2019.08.23-21.07.14:684][846]LogWindows: FPlatformMisc::RequestExit(1)
[2019.08.23-21.07.14:705][846]Log file closed, 08/23/19 22:07:14
